#
# There is insufficient memory for the Java Runtime Environment to continue.
# Native memory allocation (malloc) failed to allocate 32744 bytes for ChunkPool::allocate
# Possible reasons:
#   The system is out of physical RAM or swap space
#   The process is running with CompressedOops enabled, and the Java Heap may be blocking the growth of the native heap
# Possible solutions:
#   Reduce memory load on the system
#   Increase physical memory or swap space
#   Check if swap backing store is full
#   Decrease Java heap size (-Xmx/-Xms)
#   Decrease number of Java threads
#   Decrease Java thread stack sizes (-Xss)
#   Set larger code cache with -XX:ReservedCodeCacheSize=
#   JVM is running with Zero Based Compressed Oops mode in which the Java heap is
#     placed in the first 32GB address space. The Java Heap base address is the
#     maximum limit for the native heap growth. Please use -XX:HeapBaseMinAddress
#     to set the Java Heap base and to place the Java Heap above 32GB virtual address.
# This output file may be truncated or incomplete.
#
#  Out of Memory Error (arena.cpp:78), pid=15704, tid=14556
#
# JRE version: Java(TM) SE Runtime Environment (17.0.2+8) (build 17.0.2+8-LTS-86)
# Java VM: Java HotSpot(TM) 64-Bit Server VM (17.0.2+8-LTS-86, mixed mode, sharing, tiered, compressed oops, compressed class ptrs, g1 gc, windows-amd64)
# No core dump will be written. Minidumps are not enabled by default on client versions of Windows
#

---------------  S U M M A R Y ------------

Command Line: -javaagent:C:\Program Files\JetBrains\IntelliJ IDEA Community Edition 2025.2.4\lib\idea_rt.jar=36817 -Dfile.encoding=UTF-8 com.willbank.client_service.ClientServiceApplication

Host: Intel(R) Core(TM) i7-6600U CPU @ 2.60GHz, 4 cores, 15G,  Windows 10 , 64 bit Build 19041 (10.0.19041.3636)
Time: Tue Dec 30 12:20:51 2025 Paris, Madrid elapsed time: 0.730704 seconds (0d 0h 0m 0s)

---------------  T H R E A D  ---------------

Current thread (0x0000020394e15ed0):  JavaThread "main" [_thread_in_vm, id=14556, stack(0x000000f42f900000,0x000000f42fa00000)]

Stack: [0x000000f42f900000,0x000000f42fa00000]
Native frames: (J=compiled Java code, j=interpreted, Vv=VM code, C=native code)
V  [jvm.dll+0x670baa]
V  [jvm.dll+0x7cfcb4]
V  [jvm.dll+0x7d145e]
V  [jvm.dll+0x7d1ac3]
V  [jvm.dll+0x242bc5]
V  [jvm.dll+0xaa7c0]
V  [jvm.dll+0xaab0c]
V  [jvm.dll+0x2bc9a9]
V  [jvm.dll+0x2bbf7e]
V  [jvm.dll+0x1e9395]
V  [jvm.dll+0x1de26a]
V  [jvm.dll+0x537c30]
V  [jvm.dll+0x74aead]
V  [jvm.dll+0x74ae0a]
V  [jvm.dll+0x409364]
V  [jvm.dll+0x41caeb]
C  [java.dll+0x1657]

Java frames: (J=compiled Java code, j=interpreted, Vv=VM code)
j  java.lang.ClassLoader.defineClass0(Ljava/lang/ClassLoader;Ljava/lang/Class;Ljava/lang/String;[BIILjava/security/ProtectionDomain;ZILjava/lang/Object;)Ljava/lang/Class;+0 java.base@17.0.2
j  java.lang.System$2.defineClass(Ljava/lang/ClassLoader;Ljava/lang/Class;Ljava/lang/String;[BLjava/security/ProtectionDomain;ZILjava/lang/Object;)Ljava/lang/Class;+17 java.base@17.0.2
j  java.lang.invoke.MethodHandles$Lookup$ClassDefiner.defineClass(ZLjava/lang/Object;)Ljava/lang/Class;+54 java.base@17.0.2
j  java.lang.invoke.InvokerBytecodeGenerator.loadMethod([B)Ljava/lang/invoke/MemberName;+16 java.base@17.0.2
j  java.lang.invoke.InvokerBytecodeGenerator.generateCustomizedCode(Ljava/lang/invoke/LambdaForm;Ljava/lang/invoke/MethodType;)Ljava/lang/invoke/MemberName;+30 java.base@17.0.2
j  java.lang.invoke.LambdaForm.compileToBytecode()V+69 java.base@17.0.2
j  java.lang.invoke.LambdaForm.prepare()V+21 java.base@17.0.2
j  java.lang.invoke.MethodHandle.<init>(Ljava/lang/invoke/MethodType;Ljava/lang/invoke/LambdaForm;)V+33 java.base@17.0.2
j  java.lang.invoke.BoundMethodHandle.<init>(Ljava/lang/invoke/MethodType;Ljava/lang/invoke/LambdaForm;)V+3 java.base@17.0.2
j  java.lang.invoke.BoundMethodHandle$Species_LL.<init>(Ljava/lang/invoke/MethodType;Ljava/lang/invoke/LambdaForm;Ljava/lang/Object;Ljava/lang/Object;)V+3 java.base@17.0.2
j  java.lang.invoke.BoundMethodHandle$Species_LL.make(Ljava/lang/invoke/MethodType;Ljava/lang/invoke/LambdaForm;Ljava/lang/Object;Ljava/lang/Object;)Ljava/lang/invoke/BoundMethodHandle;+8 java.base@17.0.2
j  java.lang.invoke.DirectMethodHandle$Holder.invokeStatic(Ljava/lang/Object;Ljava/lang/Object;Ljava/lang/Object;Ljava/lang/Object;Ljava/lang/Object;)Ljava/lang/Object;+16 java.base@17.0.2
j  java.lang.invoke.BoundMethodHandle$Species_L.copyWithExtendL(Ljava/lang/invoke/MethodType;Ljava/lang/invoke/LambdaForm;Ljava/lang/Object;)Ljava/lang/invoke/BoundMethodHandle;+19 java.base@17.0.2
j  java.lang.invoke.MethodHandles.argumentsWithCombiner(ZLjava/lang/invoke/MethodHandle;ILjava/lang/invoke/MethodHandle;[I)Ljava/lang/invoke/MethodHandle;+122 java.base@17.0.2
j  java.lang.invoke.MethodHandles.filterArgumentsWithCombiner(Ljava/lang/invoke/MethodHandle;ILjava/lang/invoke/MethodHandle;[I)Ljava/lang/invoke/MethodHandle;+5 java.base@17.0.2
j  java.lang.invoke.StringConcatFactory.generateMHInlineCopy(Ljava/lang/invoke/MethodType;Ljava/util/List;)Ljava/lang/invoke/MethodHandle;+387 java.base@17.0.2
j  java.lang.invoke.StringConcatFactory.makeConcatWithConstants(Ljava/lang/invoke/MethodHandles$Lookup;Ljava/lang/String;Ljava/lang/invoke/MethodType;Ljava/lang/String;[Ljava/lang/Object;)Ljava/lang/invoke/CallSite;+220 java.base@17.0.2
j  java.lang.invoke.DirectMethodHandle$Holder.invokeStatic(Ljava/lang/Object;Ljava/lang/Object;Ljava/lang/Object;Ljava/lang/Object;Ljava/lang/Object;Ljava/lang/Object;)Ljava/lang/Object;+18 java.base@17.0.2
j  java.lang.invoke.DelegatingMethodHandle$Holder.delegate(Ljava/lang/Object;Ljava/lang/Object;Ljava/lang/Object;Ljava/lang/Object;Ljava/lang/Object;Ljava/lang/Object;)Ljava/lang/Object;+21 java.base@17.0.2
j  java.lang.invoke.Invokers$Holder.invokeExact_MT(Ljava/lang/Object;Ljava/lang/Object;Ljava/lang/Object;Ljava/lang/Object;Ljava/lang/Object;Ljava/lang/Object;Ljava/lang/Object;)Ljava/lang/Object;+26 java.base@17.0.2
j  java.lang.invoke.BootstrapMethodInvoker.invoke(Ljava/lang/Class;Ljava/lang/invoke/MethodHandle;Ljava/lang/String;Ljava/lang/Object;Ljava/lang/Object;Ljava/lang/Class;)Ljava/lang/Object;+157 java.base@17.0.2
j  java.lang.invoke.CallSite.makeSite(Ljava/lang/invoke/MethodHandle;Ljava/lang/String;Ljava/lang/invoke/MethodType;Ljava/lang/Object;Ljava/lang/Class;)Ljava/lang/invoke/CallSite;+8 java.base@17.0.2
j  java.lang.invoke.MethodHandleNatives.linkCallSiteImpl(Ljava/lang/Class;Ljava/lang/invoke/MethodHandle;Ljava/lang/String;Ljava/lang/invoke/MethodType;Ljava/lang/Object;[Ljava/lang/Object;)Ljava/lang/invoke/MemberName;+6 java.base@17.0.2
j  java.lang.invoke.MethodHandleNatives.linkCallSite(Ljava/lang/Object;ILjava/lang/Object;Ljava/lang/Object;Ljava/lang/Object;Ljava/lang/Object;[Ljava/lang/Object;)Ljava/lang/invoke/MemberName;+46 java.base@17.0.2
v  ~StubRoutines::call_stub
j  ch.qos.logback.classic.util.ContextInitializer.printDuration(JLch/qos/logback/classic/spi/Configurator;Lch/qos/logback/classic/spi/Configurator$ExecutionStatus;)V+31
j  ch.qos.logback.classic.util.ContextInitializer.invokeConfigure(Lch/qos/logback/classic/spi/Configurator;)Lch/qos/logback/classic/spi/Configurator$ExecutionStatus;+54
j  ch.qos.logback.classic.util.ContextInitializer.autoConfig(Ljava/lang/ClassLoader;)V+91
j  ch.qos.logback.classic.util.ContextInitializer.autoConfig()V+6
j  ch.qos.logback.classic.spi.LogbackServiceProvider.initializeLoggerContext()V+11
j  ch.qos.logback.classic.spi.LogbackServiceProvider.initialize()V+21
j  org.slf4j.LoggerFactory.bind()V+40
j  org.slf4j.LoggerFactory.performInitialization()V+0
j  org.slf4j.LoggerFactory.getProvider()Lorg/slf4j/spi/SLF4JServiceProvider;+21
j  org.slf4j.LoggerFactory.getILoggerFactory()Lorg/slf4j/ILoggerFactory;+0
j  org.slf4j.LoggerFactory.getLogger(Ljava/lang/String;)Lorg/slf4j/Logger;+0
j  org.apache.commons.logging.LogAdapter$Slf4jAdapter.createLocationAwareLog(Ljava/lang/String;)Lorg/apache/commons/logging/Log;+1
j  org.apache.commons.logging.LogAdapter$$Lambda$16+0x0000000800c08a90.apply(Ljava/lang/Object;)Ljava/lang/Object;+4
j  org.apache.commons.logging.LogAdapter.createLog(Ljava/lang/String;)Lorg/apache/commons/logging/Log;+4
j  org.apache.commons.logging.LogFactory.getLog(Ljava/lang/String;)Lorg/apache/commons/logging/Log;+1
j  org.apache.commons.logging.LogFactory.getLog(Ljava/lang/Class;)Lorg/apache/commons/logging/Log;+4
j  org.springframework.boot.SpringApplication.<clinit>()V+2
v  ~StubRoutines::call_stub
j  com.willbank.client_service.ClientServiceApplication.main([Ljava/lang/String;)V+3
v  ~StubRoutines::call_stub

---------------  P R O C E S S  ---------------

Threads class SMR info:
_java_thread_list=0x00000203b7d73fd0, length=14, elements={
0x0000020394e15ed0, 0x00000203b7017210, 0x00000203b7018560, 0x00000203b702b7f0,
0x00000203b702bfb0, 0x00000203b7030e30, 0x00000203b7034be0, 0x00000203b7c04090,
0x00000203b7c045a0, 0x00000203b705dc60, 0x00000203b7cc6c30, 0x00000203b7e246d0,
0x00000203b8118a30, 0x00000203b8118f00
}

Java Threads: ( => current thread )
=>0x0000020394e15ed0 JavaThread "main" [_thread_in_vm, id=14556, stack(0x000000f42f900000,0x000000f42fa00000)]
  0x00000203b7017210 JavaThread "Reference Handler" daemon [_thread_blocked, id=23460, stack(0x000000f430000000,0x000000f430100000)]
  0x00000203b7018560 JavaThread "Finalizer" daemon [_thread_blocked, id=3632, stack(0x000000f430100000,0x000000f430200000)]
  0x00000203b702b7f0 JavaThread "Signal Dispatcher" daemon [_thread_blocked, id=22732, stack(0x000000f430200000,0x000000f430300000)]
  0x00000203b702bfb0 JavaThread "Attach Listener" daemon [_thread_blocked, id=7248, stack(0x000000f430300000,0x000000f430400000)]
  0x00000203b7030e30 JavaThread "Service Thread" daemon [_thread_blocked, id=24288, stack(0x000000f430400000,0x000000f430500000)]
  0x00000203b7034be0 JavaThread "Monitor Deflation Thread" daemon [_thread_blocked, id=11488, stack(0x000000f430500000,0x000000f430600000)]
  0x00000203b7c04090 JavaThread "C2 CompilerThread0" daemon [_thread_blocked, id=15180, stack(0x000000f430600000,0x000000f430700000)]
  0x00000203b7c045a0 JavaThread "C1 CompilerThread0" daemon [_thread_blocked, id=23348, stack(0x000000f430700000,0x000000f430800000)]
  0x00000203b705dc60 JavaThread "Sweeper thread" daemon [_thread_blocked, id=23056, stack(0x000000f430800000,0x000000f430900000)]
  0x00000203b7cc6c30 JavaThread "Common-Cleaner" daemon [_thread_blocked, id=19924, stack(0x000000f430900000,0x000000f430a00000)]
  0x00000203b7e246d0 JavaThread "C2 CompilerThread1" daemon [_thread_blocked, id=18840, stack(0x000000f430a00000,0x000000f430b00000)]
  0x00000203b8118a30 JavaThread "Monitor Ctrl-Break" daemon [_thread_in_native, id=19240, stack(0x000000f430b00000,0x000000f430c00000)]
  0x00000203b8118f00 JavaThread "Notification Thread" daemon [_thread_blocked, id=23788, stack(0x000000f430c00000,0x000000f430d00000)]

Other Threads:
  0x00000203b7012fe0 VMThread "VM Thread" [stack: 0x000000f42ff00000,0x000000f430000000] [id=16876]
  0x0000020394e16e80 WatcherThread [stack: 0x000000f430d00000,0x000000f430e00000] [id=21068]
  0x0000020394e63d80 GCTaskThread "GC Thread#0" [stack: 0x000000f42fa00000,0x000000f42fb00000] [id=9540]
  0x00000203b7ff7b50 GCTaskThread "GC Thread#1" [stack: 0x000000f430e00000,0x000000f430f00000] [id=23924]
  0x00000203b813e430 GCTaskThread "GC Thread#2" [stack: 0x000000f430f00000,0x000000f431000000] [id=6864]
  0x00000203b813e6e0 GCTaskThread "GC Thread#3" [stack: 0x000000f431000000,0x000000f431100000] [id=15324]
  0x0000020394e74700 ConcurrentGCThread "G1 Main Marker" [stack: 0x000000f42fb00000,0x000000f42fc00000] [id=5300]
  0x0000020394e758b0 ConcurrentGCThread "G1 Conc#0" [stack: 0x000000f42fc00000,0x000000f42fd00000] [id=17740]
  0x0000020394eb80d0 ConcurrentGCThread "G1 Refine#0" [stack: 0x000000f42fd00000,0x000000f42fe00000] [id=17632]
  0x0000020394eb8990 ConcurrentGCThread "G1 Service" [stack: 0x000000f42fe00000,0x000000f42ff00000] [id=21284]

Threads with active compile tasks:

VM state: not at safepoint (normal execution)

VM Mutex/Monitor currently owned by a thread: None

Heap address: 0x0000000705c00000, size: 4004 MB, Compressed Oops mode: Zero based, Oop shift amount: 3

CDS archive(s) mapped at: [0x0000000800000000-0x0000000800bc0000-0x0000000800bc0000), size 12320768, SharedBaseAddress: 0x0000000800000000, ArchiveRelocationMode: 0.
Compressed class space mapped at: 0x0000000800c00000-0x0000000840c00000, reserved size: 1073741824
Narrow klass base: 0x0000000800000000, Narrow klass shift: 0, Narrow klass range: 0x100000000

GC Precious Log:
 CPUs: 4 total, 4 available
 Memory: 16010M
 Large Page Support: Disabled
 NUMA Support: Disabled
 Compressed Oops: Enabled (Zero based)
 Heap Region Size: 2M
 Heap Min Capacity: 8M
 Heap Initial Capacity: 252M
 Heap Max Capacity: 4004M
 Pre-touch: Disabled
 Parallel Workers: 4
 Concurrent Workers: 1
 Concurrent Refinement Workers: 4
 Periodic GC: Disabled

Heap:
 garbage-first heap   total 258048K, used 9732K [0x0000000705c00000, 0x0000000800000000)
  region size 2048K, 3 young (6144K), 1 survivors (2048K)
 Metaspace       used 1773K, committed 1984K, reserved 1056768K
  class space    used 143K, committed 256K, reserved 1048576K

Heap Regions: E=young(eden), S=young(survivor), O=old, HS=humongous(starts), HC=humongous(continues), CS=collection set, F=free, OA=open archive, CA=closed archive, TAMS=top-at-mark-start (previous, next)
|   0|0x0000000705c00000, 0x0000000705e00000, 0x0000000705e00000|100%| O|  |TAMS 0x0000000705c00000, 0x0000000705c00000| Untracked 
|   1|0x0000000705e00000, 0x0000000706000000, 0x0000000706000000|100%| O|  |TAMS 0x0000000705e00000, 0x0000000705e00000| Untracked 
|   2|0x0000000706000000, 0x0000000706181000, 0x0000000706200000| 75%| O|  |TAMS 0x0000000706000000, 0x0000000706000000| Untracked 
|   3|0x0000000706200000, 0x0000000706200000, 0x0000000706400000|  0%| F|  |TAMS 0x0000000706200000, 0x0000000706200000| Untracked 
|   4|0x0000000706400000, 0x0000000706400000, 0x0000000706600000|  0%| F|  |TAMS 0x0000000706400000, 0x0000000706400000| Untracked 
|   5|0x0000000706600000, 0x0000000706600000, 0x0000000706800000|  0%| F|  |TAMS 0x0000000706600000, 0x0000000706600000| Untracked 
|   6|0x0000000706800000, 0x0000000706800000, 0x0000000706a00000|  0%| F|  |TAMS 0x0000000706800000, 0x0000000706800000| Untracked 
|   7|0x0000000706a00000, 0x0000000706a00000, 0x0000000706c00000|  0%| F|  |TAMS 0x0000000706a00000, 0x0000000706a00000| Untracked 
|   8|0x0000000706c00000, 0x0000000706c00000, 0x0000000706e00000|  0%| F|  |TAMS 0x0000000706c00000, 0x0000000706c00000| Untracked 
|   9|0x0000000706e00000, 0x0000000706e00000, 0x0000000707000000|  0%| F|  |TAMS 0x0000000706e00000, 0x0000000706e00000| Untracked 
|  10|0x0000000707000000, 0x0000000707000000, 0x0000000707200000|  0%| F|  |TAMS 0x0000000707000000, 0x0000000707000000| Untracked 
|  11|0x0000000707200000, 0x0000000707200000, 0x0000000707400000|  0%| F|  |TAMS 0x0000000707200000, 0x0000000707200000| Untracked 
|  12|0x0000000707400000, 0x0000000707400000, 0x0000000707600000|  0%| F|  |TAMS 0x0000000707400000, 0x0000000707400000| Untracked 
|  13|0x0000000707600000, 0x0000000707600000, 0x0000000707800000|  0%| F|  |TAMS 0x0000000707600000, 0x0000000707600000| Untracked 
|  14|0x0000000707800000, 0x0000000707800000, 0x0000000707a00000|  0%| F|  |TAMS 0x0000000707800000, 0x0000000707800000| Untracked 
|  15|0x0000000707a00000, 0x0000000707a00000, 0x0000000707c00000|  0%| F|  |TAMS 0x0000000707a00000, 0x0000000707a00000| Untracked 
|  16|0x0000000707c00000, 0x0000000707c00000, 0x0000000707e00000|  0%| F|  |TAMS 0x0000000707c00000, 0x0000000707c00000| Untracked 
|  17|0x0000000707e00000, 0x0000000707e00000, 0x0000000708000000|  0%| F|  |TAMS 0x0000000707e00000, 0x0000000707e00000| Untracked 
|  18|0x0000000708000000, 0x0000000708000000, 0x0000000708200000|  0%| F|  |TAMS 0x0000000708000000, 0x0000000708000000| Untracked 
|  19|0x0000000708200000, 0x0000000708200000, 0x0000000708400000|  0%| F|  |TAMS 0x0000000708200000, 0x0000000708200000| Untracked 
|  20|0x0000000708400000, 0x0000000708400000, 0x0000000708600000|  0%| F|  |TAMS 0x0000000708400000, 0x0000000708400000| Untracked 
|  21|0x0000000708600000, 0x0000000708600000, 0x0000000708800000|  0%| F|  |TAMS 0x0000000708600000, 0x0000000708600000| Untracked 
|  22|0x0000000708800000, 0x0000000708800000, 0x0000000708a00000|  0%| F|  |TAMS 0x0000000708800000, 0x0000000708800000| Untracked 
|  23|0x0000000708a00000, 0x0000000708a00000, 0x0000000708c00000|  0%| F|  |TAMS 0x0000000708a00000, 0x0000000708a00000| Untracked 
|  24|0x0000000708c00000, 0x0000000708c00000, 0x0000000708e00000|  0%| F|  |TAMS 0x0000000708c00000, 0x0000000708c00000| Untracked 
|  25|0x0000000708e00000, 0x0000000708e00000, 0x0000000709000000|  0%| F|  |TAMS 0x0000000708e00000, 0x0000000708e00000| Untracked 
|  26|0x0000000709000000, 0x0000000709000000, 0x0000000709200000|  0%| F|  |TAMS 0x0000000709000000, 0x0000000709000000| Untracked 
|  27|0x0000000709200000, 0x0000000709200000, 0x0000000709400000|  0%| F|  |TAMS 0x0000000709200000, 0x0000000709200000| Untracked 
|  28|0x0000000709400000, 0x0000000709400000, 0x0000000709600000|  0%| F|  |TAMS 0x0000000709400000, 0x0000000709400000| Untracked 
|  29|0x0000000709600000, 0x0000000709600000, 0x0000000709800000|  0%| F|  |TAMS 0x0000000709600000, 0x0000000709600000| Untracked 
|  30|0x0000000709800000, 0x0000000709800000, 0x0000000709a00000|  0%| F|  |TAMS 0x0000000709800000, 0x0000000709800000| Untracked 
|  31|0x0000000709a00000, 0x0000000709a00000, 0x0000000709c00000|  0%| F|  |TAMS 0x0000000709a00000, 0x0000000709a00000| Untracked 
|  32|0x0000000709c00000, 0x0000000709c00000, 0x0000000709e00000|  0%| F|  |TAMS 0x0000000709c00000, 0x0000000709c00000| Untracked 
|  33|0x0000000709e00000, 0x0000000709e00000, 0x000000070a000000|  0%| F|  |TAMS 0x0000000709e00000, 0x0000000709e00000| Untracked 
|  34|0x000000070a000000, 0x000000070a000000, 0x000000070a200000|  0%| F|  |TAMS 0x000000070a000000, 0x000000070a000000| Untracked 
|  35|0x000000070a200000, 0x000000070a200000, 0x000000070a400000|  0%| F|  |TAMS 0x000000070a200000, 0x000000070a200000| Untracked 
|  36|0x000000070a400000, 0x000000070a400000, 0x000000070a600000|  0%| F|  |TAMS 0x000000070a400000, 0x000000070a400000| Untracked 
|  37|0x000000070a600000, 0x000000070a600000, 0x000000070a800000|  0%| F|  |TAMS 0x000000070a600000, 0x000000070a600000| Untracked 
|  38|0x000000070a800000, 0x000000070a800000, 0x000000070aa00000|  0%| F|  |TAMS 0x000000070a800000, 0x000000070a800000| Untracked 
|  39|0x000000070aa00000, 0x000000070aa00000, 0x000000070ac00000|  0%| F|  |TAMS 0x000000070aa00000, 0x000000070aa00000| Untracked 
|  40|0x000000070ac00000, 0x000000070ac00000, 0x000000070ae00000|  0%| F|  |TAMS 0x000000070ac00000, 0x000000070ac00000| Untracked 
|  41|0x000000070ae00000, 0x000000070ae00000, 0x000000070b000000|  0%| F|  |TAMS 0x000000070ae00000, 0x000000070ae00000| Untracked 
|  42|0x000000070b000000, 0x000000070b000000, 0x000000070b200000|  0%| F|  |TAMS 0x000000070b000000, 0x000000070b000000| Untracked 
|  43|0x000000070b200000, 0x000000070b200000, 0x000000070b400000|  0%| F|  |TAMS 0x000000070b200000, 0x000000070b200000| Untracked 
|  44|0x000000070b400000, 0x000000070b400000, 0x000000070b600000|  0%| F|  |TAMS 0x000000070b400000, 0x000000070b400000| Untracked 
|  45|0x000000070b600000, 0x000000070b600000, 0x000000070b800000|  0%| F|  |TAMS 0x000000070b600000, 0x000000070b600000| Untracked 
|  46|0x000000070b800000, 0x000000070b800000, 0x000000070ba00000|  0%| F|  |TAMS 0x000000070b800000, 0x000000070b800000| Untracked 
|  47|0x000000070ba00000, 0x000000070ba00000, 0x000000070bc00000|  0%| F|  |TAMS 0x000000070ba00000, 0x000000070ba00000| Untracked 
|  48|0x000000070bc00000, 0x000000070bc00000, 0x000000070be00000|  0%| F|  |TAMS 0x000000070bc00000, 0x000000070bc00000| Untracked 
|  49|0x000000070be00000, 0x000000070be00000, 0x000000070c000000|  0%| F|  |TAMS 0x000000070be00000, 0x000000070be00000| Untracked 
|  50|0x000000070c000000, 0x000000070c000000, 0x000000070c200000|  0%| F|  |TAMS 0x000000070c000000, 0x000000070c000000| Untracked 
|  51|0x000000070c200000, 0x000000070c200000, 0x000000070c400000|  0%| F|  |TAMS 0x000000070c200000, 0x000000070c200000| Untracked 
|  52|0x000000070c400000, 0x000000070c400000, 0x000000070c600000|  0%| F|  |TAMS 0x000000070c400000, 0x000000070c400000| Untracked 
|  53|0x000000070c600000, 0x000000070c600000, 0x000000070c800000|  0%| F|  |TAMS 0x000000070c600000, 0x000000070c600000| Untracked 
|  54|0x000000070c800000, 0x000000070c800000, 0x000000070ca00000|  0%| F|  |TAMS 0x000000070c800000, 0x000000070c800000| Untracked 
|  55|0x000000070ca00000, 0x000000070ca00000, 0x000000070cc00000|  0%| F|  |TAMS 0x000000070ca00000, 0x000000070ca00000| Untracked 
|  56|0x000000070cc00000, 0x000000070cc00000, 0x000000070ce00000|  0%| F|  |TAMS 0x000000070cc00000, 0x000000070cc00000| Untracked 
|  57|0x000000070ce00000, 0x000000070ce00000, 0x000000070d000000|  0%| F|  |TAMS 0x000000070ce00000, 0x000000070ce00000| Untracked 
|  58|0x000000070d000000, 0x000000070d000000, 0x000000070d200000|  0%| F|  |TAMS 0x000000070d000000, 0x000000070d000000| Untracked 
|  59|0x000000070d200000, 0x000000070d200000, 0x000000070d400000|  0%| F|  |TAMS 0x000000070d200000, 0x000000070d200000| Untracked 
|  60|0x000000070d400000, 0x000000070d400000, 0x000000070d600000|  0%| F|  |TAMS 0x000000070d400000, 0x000000070d400000| Untracked 
|  61|0x000000070d600000, 0x000000070d600000, 0x000000070d800000|  0%| F|  |TAMS 0x000000070d600000, 0x000000070d600000| Untracked 
|  62|0x000000070d800000, 0x000000070d800000, 0x000000070da00000|  0%| F|  |TAMS 0x000000070d800000, 0x000000070d800000| Untracked 
|  63|0x000000070da00000, 0x000000070da00000, 0x000000070dc00000|  0%| F|  |TAMS 0x000000070da00000, 0x000000070da00000| Untracked 
|  64|0x000000070dc00000, 0x000000070dc00000, 0x000000070de00000|  0%| F|  |TAMS 0x000000070dc00000, 0x000000070dc00000| Untracked 
|  65|0x000000070de00000, 0x000000070de00000, 0x000000070e000000|  0%| F|  |TAMS 0x000000070de00000, 0x000000070de00000| Untracked 
|  66|0x000000070e000000, 0x000000070e000000, 0x000000070e200000|  0%| F|  |TAMS 0x000000070e000000, 0x000000070e000000| Untracked 
|  67|0x000000070e200000, 0x000000070e200000, 0x000000070e400000|  0%| F|  |TAMS 0x000000070e200000, 0x000000070e200000| Untracked 
|  68|0x000000070e400000, 0x000000070e400000, 0x000000070e600000|  0%| F|  |TAMS 0x000000070e400000, 0x000000070e400000| Untracked 
|  69|0x000000070e600000, 0x000000070e600000, 0x000000070e800000|  0%| F|  |TAMS 0x000000070e600000, 0x000000070e600000| Untracked 
|  70|0x000000070e800000, 0x000000070e800000, 0x000000070ea00000|  0%| F|  |TAMS 0x000000070e800000, 0x000000070e800000| Untracked 
|  71|0x000000070ea00000, 0x000000070ea00000, 0x000000070ec00000|  0%| F|  |TAMS 0x000000070ea00000, 0x000000070ea00000| Untracked 
|  72|0x000000070ec00000, 0x000000070ec00000, 0x000000070ee00000|  0%| F|  |TAMS 0x000000070ec00000, 0x000000070ec00000| Untracked 
|  73|0x000000070ee00000, 0x000000070ee00000, 0x000000070f000000|  0%| F|  |TAMS 0x000000070ee00000, 0x000000070ee00000| Untracked 
|  74|0x000000070f000000, 0x000000070f000000, 0x000000070f200000|  0%| F|  |TAMS 0x000000070f000000, 0x000000070f000000| Untracked 
|  75|0x000000070f200000, 0x000000070f200000, 0x000000070f400000|  0%| F|  |TAMS 0x000000070f200000, 0x000000070f200000| Untracked 
|  76|0x000000070f400000, 0x000000070f400000, 0x000000070f600000|  0%| F|  |TAMS 0x000000070f400000, 0x000000070f400000| Untracked 
|  77|0x000000070f600000, 0x000000070f600000, 0x000000070f800000|  0%| F|  |TAMS 0x000000070f600000, 0x000000070f600000| Untracked 
|  78|0x000000070f800000, 0x000000070f800000, 0x000000070fa00000|  0%| F|  |TAMS 0x000000070f800000, 0x000000070f800000| Untracked 
|  79|0x000000070fa00000, 0x000000070fa00000, 0x000000070fc00000|  0%| F|  |TAMS 0x000000070fa00000, 0x000000070fa00000| Untracked 
|  80|0x000000070fc00000, 0x000000070fc00000, 0x000000070fe00000|  0%| F|  |TAMS 0x000000070fc00000, 0x000000070fc00000| Untracked 
|  81|0x000000070fe00000, 0x000000070fe00000, 0x0000000710000000|  0%| F|  |TAMS 0x000000070fe00000, 0x000000070fe00000| Untracked 
|  82|0x0000000710000000, 0x0000000710000000, 0x0000000710200000|  0%| F|  |TAMS 0x0000000710000000, 0x0000000710000000| Untracked 
|  83|0x0000000710200000, 0x0000000710200000, 0x0000000710400000|  0%| F|  |TAMS 0x0000000710200000, 0x0000000710200000| Untracked 
|  84|0x0000000710400000, 0x0000000710400000, 0x0000000710600000|  0%| F|  |TAMS 0x0000000710400000, 0x0000000710400000| Untracked 
|  85|0x0000000710600000, 0x0000000710600000, 0x0000000710800000|  0%| F|  |TAMS 0x0000000710600000, 0x0000000710600000| Untracked 
|  86|0x0000000710800000, 0x0000000710800000, 0x0000000710a00000|  0%| F|  |TAMS 0x0000000710800000, 0x0000000710800000| Untracked 
|  87|0x0000000710a00000, 0x0000000710a00000, 0x0000000710c00000|  0%| F|  |TAMS 0x0000000710a00000, 0x0000000710a00000| Untracked 
|  88|0x0000000710c00000, 0x0000000710c00000, 0x0000000710e00000|  0%| F|  |TAMS 0x0000000710c00000, 0x0000000710c00000| Untracked 
|  89|0x0000000710e00000, 0x0000000710e00000, 0x0000000711000000|  0%| F|  |TAMS 0x0000000710e00000, 0x0000000710e00000| Untracked 
|  90|0x0000000711000000, 0x0000000711000000, 0x0000000711200000|  0%| F|  |TAMS 0x0000000711000000, 0x0000000711000000| Untracked 
|  91|0x0000000711200000, 0x0000000711200000, 0x0000000711400000|  0%| F|  |TAMS 0x0000000711200000, 0x0000000711200000| Untracked 
|  92|0x0000000711400000, 0x0000000711400000, 0x0000000711600000|  0%| F|  |TAMS 0x0000000711400000, 0x0000000711400000| Untracked 
|  93|0x0000000711600000, 0x0000000711600000, 0x0000000711800000|  0%| F|  |TAMS 0x0000000711600000, 0x0000000711600000| Untracked 
|  94|0x0000000711800000, 0x0000000711800000, 0x0000000711a00000|  0%| F|  |TAMS 0x0000000711800000, 0x0000000711800000| Untracked 
|  95|0x0000000711a00000, 0x0000000711a00000, 0x0000000711c00000|  0%| F|  |TAMS 0x0000000711a00000, 0x0000000711a00000| Untracked 
|  96|0x0000000711c00000, 0x0000000711c00000, 0x0000000711e00000|  0%| F|  |TAMS 0x0000000711c00000, 0x0000000711c00000| Untracked 
|  97|0x0000000711e00000, 0x0000000711e00000, 0x0000000712000000|  0%| F|  |TAMS 0x0000000711e00000, 0x0000000711e00000| Untracked 
|  98|0x0000000712000000, 0x0000000712000000, 0x0000000712200000|  0%| F|  |TAMS 0x0000000712000000, 0x0000000712000000| Untracked 
|  99|0x0000000712200000, 0x0000000712200000, 0x0000000712400000|  0%| F|  |TAMS 0x0000000712200000, 0x0000000712200000| Untracked 
| 100|0x0000000712400000, 0x0000000712400000, 0x0000000712600000|  0%| F|  |TAMS 0x0000000712400000, 0x0000000712400000| Untracked 
| 101|0x0000000712600000, 0x0000000712600000, 0x0000000712800000|  0%| F|  |TAMS 0x0000000712600000, 0x0000000712600000| Untracked 
| 102|0x0000000712800000, 0x0000000712800000, 0x0000000712a00000|  0%| F|  |TAMS 0x0000000712800000, 0x0000000712800000| Untracked 
| 103|0x0000000712a00000, 0x0000000712a00000, 0x0000000712c00000|  0%| F|  |TAMS 0x0000000712a00000, 0x0000000712a00000| Untracked 
| 104|0x0000000712c00000, 0x0000000712c00000, 0x0000000712e00000|  0%| F|  |TAMS 0x0000000712c00000, 0x0000000712c00000| Untracked 
| 105|0x0000000712e00000, 0x0000000712e00000, 0x0000000713000000|  0%| F|  |TAMS 0x0000000712e00000, 0x0000000712e00000| Untracked 
| 106|0x0000000713000000, 0x0000000713000000, 0x0000000713200000|  0%| F|  |TAMS 0x0000000713000000, 0x0000000713000000| Untracked 
| 107|0x0000000713200000, 0x0000000713200000, 0x0000000713400000|  0%| F|  |TAMS 0x0000000713200000, 0x0000000713200000| Untracked 
| 108|0x0000000713400000, 0x0000000713400000, 0x0000000713600000|  0%| F|  |TAMS 0x0000000713400000, 0x0000000713400000| Untracked 
| 109|0x0000000713600000, 0x0000000713600000, 0x0000000713800000|  0%| F|  |TAMS 0x0000000713600000, 0x0000000713600000| Untracked 
| 110|0x0000000713800000, 0x0000000713800000, 0x0000000713a00000|  0%| F|  |TAMS 0x0000000713800000, 0x0000000713800000| Untracked 
| 111|0x0000000713a00000, 0x0000000713a00000, 0x0000000713c00000|  0%| F|  |TAMS 0x0000000713a00000, 0x0000000713a00000| Untracked 
| 112|0x0000000713c00000, 0x0000000713c00000, 0x0000000713e00000|  0%| F|  |TAMS 0x0000000713c00000, 0x0000000713c00000| Untracked 
| 113|0x0000000713e00000, 0x0000000713e00000, 0x0000000714000000|  0%| F|  |TAMS 0x0000000713e00000, 0x0000000713e00000| Untracked 
| 114|0x0000000714000000, 0x0000000714000000, 0x0000000714200000|  0%| F|  |TAMS 0x0000000714000000, 0x0000000714000000| Untracked 
| 115|0x0000000714200000, 0x0000000714200000, 0x0000000714400000|  0%| F|  |TAMS 0x0000000714200000, 0x0000000714200000| Untracked 
| 116|0x0000000714400000, 0x0000000714400000, 0x0000000714600000|  0%| F|  |TAMS 0x0000000714400000, 0x0000000714400000| Untracked 
| 117|0x0000000714600000, 0x0000000714600000, 0x0000000714800000|  0%| F|  |TAMS 0x0000000714600000, 0x0000000714600000| Untracked 
| 118|0x0000000714800000, 0x0000000714800000, 0x0000000714a00000|  0%| F|  |TAMS 0x0000000714800000, 0x0000000714800000| Untracked 
| 119|0x0000000714a00000, 0x0000000714c00000, 0x0000000714c00000|100%| S|CS|TAMS 0x0000000714a00000, 0x0000000714a00000| Complete 
| 120|0x0000000714c00000, 0x0000000714c00000, 0x0000000714e00000|  0%| F|  |TAMS 0x0000000714c00000, 0x0000000714c00000| Untracked 
| 121|0x0000000714e00000, 0x0000000714e00000, 0x0000000715000000|  0%| F|  |TAMS 0x0000000714e00000, 0x0000000714e00000| Untracked 
| 122|0x0000000715000000, 0x0000000715000000, 0x0000000715200000|  0%| F|  |TAMS 0x0000000715000000, 0x0000000715000000| Untracked 
| 123|0x0000000715200000, 0x0000000715200000, 0x0000000715400000|  0%| F|  |TAMS 0x0000000715200000, 0x0000000715200000| Untracked 
| 124|0x0000000715400000, 0x0000000715432180, 0x0000000715600000|  9%| E|  |TAMS 0x0000000715400000, 0x0000000715400000| Complete 
| 125|0x0000000715600000, 0x0000000715800000, 0x0000000715800000|100%| E|CS|TAMS 0x0000000715600000, 0x0000000715600000| Complete 

Card table byte_map: [0x00000203abe30000,0x00000203ac610000] _byte_map_base: 0x00000203a8602000

Marking Bits (Prev, Next): (CMBitMap*) 0x0000020394e64390, (CMBitMap*) 0x0000020394e643d0
 Prev Bits: [0x00000203acdf0000, 0x00000203b0c80000)
 Next Bits: [0x00000203b0c80000, 0x00000203b4b10000)

Polling page: 0x0000020392db0000

Metaspace:

Usage:
  Non-class:      1.59 MB used.
      Class:    143.67 KB used.
       Both:      1.73 MB used.

Virtual space:
  Non-class space:        8.00 MB reserved,       1.69 MB ( 21%) committed,  1 nodes.
      Class space:        1.00 GB reserved,     256.00 KB ( <1%) committed,  1 nodes.
             Both:        1.01 GB reserved,       1.94 MB ( <1%) committed. 

Chunk freelists:
   Non-Class:  3.41 MB
       Class:  3.67 MB
        Both:  7.08 MB

MaxMetaspaceSize: unlimited
CompressedClassSpaceSize: 1.00 GB
Initial GC threshold: 21.00 MB
Current GC threshold: 21.00 MB
CDS: on
MetaspaceReclaimPolicy: balanced
 - commit_granule_bytes: 65536.
 - commit_granule_words: 8192.
 - virtual_space_node_default_size: 1048576.
 - enlarge_chunks_in_place: 1.
 - new_chunks_are_fully_committed: 0.
 - uncommit_free_chunks: 1.
 - use_allocation_guard: 0.
 - handle_deallocations: 1.


Internal statistics:

num_allocs_failed_limit: 0.
num_arena_births: 18.
num_arena_deaths: 0.
num_vsnodes_births: 2.
num_vsnodes_deaths: 0.
num_space_committed: 31.
num_space_uncommitted: 0.
num_chunks_returned_to_freelist: 0.
num_chunks_taken_from_freelist: 50.
num_chunk_merges: 0.
num_chunk_splits: 33.
num_chunks_enlarged: 26.
num_purges: 0.
num_inconsistent_stats: 0.

CodeHeap 'non-profiled nmethods': size=120000Kb used=194Kb max_used=194Kb free=119805Kb
 bounds [0x00000203a4120000, 0x00000203a4390000, 0x00000203ab650000]
CodeHeap 'profiled nmethods': size=120000Kb used=877Kb max_used=877Kb free=119122Kb
 bounds [0x000002039cbf0000, 0x000002039ce60000, 0x00000203a4120000]
CodeHeap 'non-nmethods': size=5760Kb used=1124Kb max_used=1147Kb free=4635Kb
 bounds [0x000002039c650000, 0x000002039c8c0000, 0x000002039cbf0000]
 total_blobs=964 nmethods=558 adapters=319
 compilation: enabled
              stopped_count=0, restarted_count=0
 full_count=0

Compilation events (20 events):
Event: 0.713 Thread 0x00000203b7c045a0 nmethod 534 0x000002039ccc3510 code [0x000002039ccc36a0, 0x000002039ccc37c8]
Event: 0.713 Thread 0x00000203b7c045a0  533       3       java.lang.invoke.MethodType::equals (56 bytes)
Event: 0.714 Thread 0x00000203b7e246d0 nmethod 516 0x00000203a4149b90 code [0x00000203a4149d20, 0x00000203a414a258]
Event: 0.714 Thread 0x00000203b7c045a0 nmethod 533 0x000002039ccc3890 code [0x000002039ccc3ac0, 0x000002039ccc4678]
Event: 0.714 Thread 0x00000203b7c045a0  536       3       jdk.internal.jimage.ImageLocation::readValue (61 bytes)
Event: 0.715 Thread 0x00000203b7c045a0 nmethod 536 0x000002039ccc4810 code [0x000002039ccc49e0, 0x000002039ccc4d98]
Event: 0.715 Thread 0x00000203b7e246d0  537       4       java.nio.DirectByteBuffer::ix (10 bytes)
Event: 0.716 Thread 0x00000203b7e246d0 nmethod 537 0x00000203a414a490 code [0x00000203a414a600, 0x00000203a414a678]
Event: 0.716 Thread 0x00000203b7e246d0  538   !   4       java.util.zip.ZipFile::getEntry (59 bytes)
Event: 0.717 Thread 0x00000203b7c045a0  539       3       java.nio.CharBuffer::arrayOffset (35 bytes)
Event: 0.717 Thread 0x00000203b7c045a0 nmethod 539 0x000002039ccc4f10 code [0x000002039ccc50e0, 0x000002039ccc53b8]
Event: 0.718 Thread 0x00000203b7c045a0  540       3       java.nio.CharBuffer::position (8 bytes)
Event: 0.718 Thread 0x00000203b7c045a0 nmethod 540 0x000002039ccc5510 code [0x000002039ccc56a0, 0x000002039ccc57e8]
Event: 0.718 Thread 0x00000203b7c045a0  541       3       java.nio.CharBuffer::position (6 bytes)
Event: 0.718 Thread 0x00000203b7c045a0 nmethod 541 0x000002039ccc5890 code [0x000002039ccc5a40, 0x000002039ccc5be8]
Event: 0.722 Thread 0x00000203b7c045a0  544       3       java.lang.invoke.MethodType$ConcurrentWeakInternSet::get (47 bytes)
Event: 0.723 Thread 0x00000203b7c045a0 nmethod 544 0x000002039ccc5c90 code [0x000002039ccc5ec0, 0x000002039ccc6858]
Event: 0.724 Thread 0x00000203b7c045a0  546       3       jdk.internal.org.objectweb.asm.ByteVector::putShort (52 bytes)
Event: 0.724 Thread 0x00000203b7c045a0 nmethod 546 0x000002039ccc6b90 code [0x000002039ccc6d40, 0x000002039ccc6f48]
Event: 0.725 Thread 0x00000203b7c045a0  548       3       sun.invoke.util.VerifyAccess::isTypeVisible (118 bytes)

GC Heap History (2 events):
Event: 0.589 GC heap before
{Heap before GC invocations=0 (full 0):
 garbage-first heap   total 258048K, used 10240K [0x0000000705c00000, 0x0000000800000000)
  region size 2048K, 6 young (12288K), 0 survivors (0K)
 Metaspace       used 892K, committed 1024K, reserved 1056768K
  class space    used 52K, committed 128K, reserved 1048576K
}
Event: 0.595 GC heap after
{Heap after GC invocations=1 (full 0):
 garbage-first heap   total 258048K, used 7684K [0x0000000705c00000, 0x0000000800000000)
  region size 2048K, 1 young (2048K), 1 survivors (2048K)
 Metaspace       used 892K, committed 1024K, reserved 1056768K
  class space    used 52K, committed 128K, reserved 1048576K
}

Deoptimization events (20 events):
Event: 0.563 Thread 0x0000020394e15ed0 Uncommon trap: trap_request=0xffffff45 fr.pc=0x00000203a41212dc relative=0x000000000000005c
Event: 0.563 Thread 0x0000020394e15ed0 Uncommon trap: reason=unstable_if action=reinterpret pc=0x00000203a41212dc method=java.lang.String.isLatin1()Z @ 10 c2
Event: 0.563 Thread 0x0000020394e15ed0 DEOPT PACKING pc=0x00000203a41212dc sp=0x000000f42f9fe130
Event: 0.563 Thread 0x0000020394e15ed0 DEOPT UNPACKING pc=0x000002039c6a23a3 sp=0x000000f42f9fe0c0 mode 2
Event: 0.564 Thread 0x0000020394e15ed0 Uncommon trap: trap_request=0xffffff45 fr.pc=0x00000203a4121600 relative=0x0000000000000080
Event: 0.564 Thread 0x0000020394e15ed0 Uncommon trap: reason=unstable_if action=reinterpret pc=0x00000203a4121600 method=java.lang.String.isLatin1()Z @ 10 c2
Event: 0.564 Thread 0x0000020394e15ed0 DEOPT PACKING pc=0x00000203a4121600 sp=0x000000f42f9feb20
Event: 0.564 Thread 0x0000020394e15ed0 DEOPT UNPACKING pc=0x000002039c6a23a3 sp=0x000000f42f9fea60 mode 2
Event: 0.627 Thread 0x0000020394e15ed0 DEOPT PACKING pc=0x000002039cc878e8 sp=0x000000f42f9fc6e0
Event: 0.628 Thread 0x0000020394e15ed0 DEOPT UNPACKING pc=0x000002039c6a2b43 sp=0x000000f42f9fbb70 mode 0
Event: 0.664 Thread 0x0000020394e15ed0 Uncommon trap: trap_request=0xffffff45 fr.pc=0x00000203a4136f64 relative=0x0000000000000064
Event: 0.664 Thread 0x0000020394e15ed0 Uncommon trap: reason=unstable_if action=reinterpret pc=0x00000203a4136f64 method=java.io.WinNTFileSystem.isSlash(C)Z @ 9 c2
Event: 0.664 Thread 0x0000020394e15ed0 DEOPT PACKING pc=0x00000203a4136f64 sp=0x000000f42f9fd810
Event: 0.664 Thread 0x0000020394e15ed0 DEOPT UNPACKING pc=0x000002039c6a23a3 sp=0x000000f42f9fd798 mode 2
Event: 0.667 Thread 0x0000020394e15ed0 DEOPT PACKING pc=0x000002039cc878e8 sp=0x000000f42f9fcce0
Event: 0.667 Thread 0x0000020394e15ed0 DEOPT UNPACKING pc=0x000002039c6a2b43 sp=0x000000f42f9fc170 mode 0
Event: 0.669 Thread 0x0000020394e15ed0 DEOPT PACKING pc=0x000002039cc878e8 sp=0x000000f42f9f9560
Event: 0.669 Thread 0x0000020394e15ed0 DEOPT UNPACKING pc=0x000002039c6a2b43 sp=0x000000f42f9f89f0 mode 0
Event: 0.702 Thread 0x0000020394e15ed0 DEOPT PACKING pc=0x000002039cbfec65 sp=0x000000f42f9fcf50
Event: 0.702 Thread 0x0000020394e15ed0 DEOPT UNPACKING pc=0x000002039c6a2b43 sp=0x000000f42f9fc3a0 mode 0

Classes unloaded (0 events):
No events

Classes redefined (0 events):
No events

Internal exceptions (2 events):
Event: 0.570 Thread 0x00000203b8118a30 Exception <a 'java/lang/NoSuchMethodError'{0x0000000714d8b430}: 'java.lang.Object java.lang.invoke.DirectMethodHandle$Holder.invokeStaticInit(java.lang.Object)'> (0x0000000714d8b430) 
thrown [t:\workspace\open\src\hotspot\share\interpreter\linkResolver.cpp, line 766]
Event: 0.586 Thread 0x00000203b8118a30 Exception <a 'java/lang/NoSuchMethodError'{0x0000000714d99140}: 'void java.lang.invoke.DirectMethodHandle$Holder.invokeStatic(java.lang.Object, java.lang.Object)'> (0x0000000714d99140) 
thrown [t:\workspace\open\src\hotspot\share\interpreter\linkResolver.cpp, line 766]

VM Operations (12 events):
Event: 0.287 Executing VM operation: HandshakeAllThreads
Event: 0.288 Executing VM operation: HandshakeAllThreads done
Event: 0.568 Executing VM operation: HandshakeAllThreads
Event: 0.568 Executing VM operation: HandshakeAllThreads done
Event: 0.589 Executing VM operation: G1CollectForAllocation
Event: 0.595 Executing VM operation: G1CollectForAllocation done
Event: 0.604 Executing VM operation: HandshakeAllThreads
Event: 0.604 Executing VM operation: HandshakeAllThreads done
Event: 0.650 Executing VM operation: HandshakeAllThreads
Event: 0.650 Executing VM operation: HandshakeAllThreads done
Event: 0.663 Executing VM operation: HandshakeAllThreads
Event: 0.664 Executing VM operation: HandshakeAllThreads done

Events (20 events):
Event: 0.663 loading class sun/net/www/protocol/file/FileURLConnection
Event: 0.663 loading class sun/net/www/URLConnection
Event: 0.663 loading class sun/net/www/URLConnection done
Event: 0.663 loading class sun/net/www/protocol/file/FileURLConnection done
Event: 0.663 loading class sun/net/www/MessageHeader
Event: 0.663 loading class sun/net/www/MessageHeader done
Event: 0.663 loading class sun/net/www/protocol/jar/URLJarFile
Event: 0.663 loading class sun/net/www/protocol/jar/URLJarFile done
Event: 0.664 loading class sun/net/www/protocol/jar/URLJarFile$URLJarFileEntry
Event: 0.664 loading class sun/net/www/protocol/jar/URLJarFile$URLJarFileEntry done
Event: 0.664 loading class sun/net/www/protocol/jar/JarURLConnection$JarURLInputStream
Event: 0.664 loading class sun/net/www/protocol/jar/JarURLConnection$JarURLInputStream done
Event: 0.665 loading class java/util/LinkedHashMap$LinkedKeySet
Event: 0.665 loading class java/util/LinkedHashMap$LinkedKeySet done
Event: 0.665 loading class java/util/LinkedHashMap$LinkedKeyIterator
Event: 0.665 loading class java/util/LinkedHashMap$LinkedKeyIterator done
Event: 0.680 loading class java/lang/IndexOutOfBoundsException
Event: 0.680 loading class java/lang/IndexOutOfBoundsException done
Event: 0.717 loading class java/util/zip/ZipFile$ZipEntryIterator
Event: 0.717 loading class java/util/zip/ZipFile$ZipEntryIterator done


Dynamic libraries:
0x00007ff64eca0000 - 0x00007ff64ecb0000 	C:\Program Files\Java\jdk-17.0.2\bin\java.exe
0x00007ff9bbc70000 - 0x00007ff9bbe68000 	C:\WINDOWS\SYSTEM32\ntdll.dll
0x00007ff983ec0000 - 0x00007ff983ee0000 	C:\Program Files\Avast Software\Avast\aswhook.dll
0x00007ff9bba10000 - 0x00007ff9bbacd000 	C:\WINDOWS\System32\KERNEL32.DLL
0x00007ff9b9770000 - 0x00007ff9b9a66000 	C:\WINDOWS\System32\KERNELBASE.dll
0x00007ff9b9670000 - 0x00007ff9b9770000 	C:\WINDOWS\System32\ucrtbase.dll
0x00007ff9a3810000 - 0x00007ff9a3828000 	C:\Program Files\Java\jdk-17.0.2\bin\jli.dll
0x00007ff9bbb80000 - 0x00007ff9bbc30000 	C:\WINDOWS\System32\ADVAPI32.dll
0x00007ff9ba2d0000 - 0x00007ff9ba36e000 	C:\WINDOWS\System32\msvcrt.dll
0x00007ff9bbad0000 - 0x00007ff9bbb70000 	C:\WINDOWS\System32\sechost.dll
0x00007ff9b9ff0000 - 0x00007ff9ba113000 	C:\WINDOWS\System32\RPCRT4.dll
0x00007ff9b9c70000 - 0x00007ff9b9c97000 	C:\WINDOWS\System32\bcrypt.dll
0x00007ff9a3790000 - 0x00007ff9a37aa000 	C:\Program Files\Java\jdk-17.0.2\bin\VCRUNTIME140.dll
0x00007ff9b9ca0000 - 0x00007ff9b9e3f000 	C:\WINDOWS\System32\USER32.dll
0x00007ff9b9c40000 - 0x00007ff9b9c62000 	C:\WINDOWS\System32\win32u.dll
0x00007ff9ba1d0000 - 0x00007ff9ba1fb000 	C:\WINDOWS\System32\GDI32.dll
0x00007ff9a4a00000 - 0x00007ff9a4c9a000 	C:\WINDOWS\WinSxS\amd64_microsoft.windows.common-controls_6595b64144ccf1df_6.0.19041.3636_none_60b6a03d71f818d5\COMCTL32.dll
0x00007ff9b94a0000 - 0x00007ff9b95b7000 	C:\WINDOWS\System32\gdi32full.dll
0x00007ff9b93b0000 - 0x00007ff9b944d000 	C:\WINDOWS\System32\msvcp_win.dll
0x00007ff9a9030000 - 0x00007ff9a903a000 	C:\WINDOWS\SYSTEM32\VERSION.dll
0x00007ff9ba370000 - 0x00007ff9ba3a2000 	C:\WINDOWS\System32\IMM32.DLL
0x00007ff9a3800000 - 0x00007ff9a380c000 	C:\Program Files\Java\jdk-17.0.2\bin\vcruntime140_1.dll
0x00007ff978200000 - 0x00007ff97828d000 	C:\Program Files\Java\jdk-17.0.2\bin\msvcp140.dll
0x00007ff945c80000 - 0x00007ff946841000 	C:\Program Files\Java\jdk-17.0.2\bin\server\jvm.dll
0x00007ff9bbb70000 - 0x00007ff9bbb78000 	C:\WINDOWS\System32\PSAPI.DLL
0x00007ff9a00a0000 - 0x00007ff9a00a9000 	C:\WINDOWS\SYSTEM32\WSOCK32.dll
0x00007ff9baba0000 - 0x00007ff9bac0b000 	C:\WINDOWS\System32\WS2_32.dll
0x00007ff9a03a0000 - 0x00007ff9a03c7000 	C:\WINDOWS\SYSTEM32\WINMM.dll
0x00007ff9b7b00000 - 0x00007ff9b7b12000 	C:\WINDOWS\SYSTEM32\kernel.appcore.dll
0x00007ff9a3540000 - 0x00007ff9a354a000 	C:\Program Files\Java\jdk-17.0.2\bin\jimage.dll
0x00007ff9b6f00000 - 0x00007ff9b70e4000 	C:\WINDOWS\SYSTEM32\DBGHELP.DLL
0x00007ff9a8e50000 - 0x00007ff9a8e84000 	C:\WINDOWS\SYSTEM32\dbgcore.DLL
0x00007ff9b9320000 - 0x00007ff9b93a2000 	C:\WINDOWS\System32\bcryptPrimitives.dll
0x00007ff9b6530000 - 0x00007ff9b653e000 	C:\Program Files\Java\jdk-17.0.2\bin\instrument.dll
0x00007ff9a3320000 - 0x00007ff9a3345000 	C:\Program Files\Java\jdk-17.0.2\bin\java.dll
0x00007ff977f20000 - 0x00007ff977ff6000 	C:\Program Files\Java\jdk-17.0.2\bin\jsvml.dll
0x00007ff9bb2a0000 - 0x00007ff9bba0b000 	C:\WINDOWS\System32\SHELL32.dll
0x00007ff9b7350000 - 0x00007ff9b7aee000 	C:\WINDOWS\SYSTEM32\windows.storage.dll
0x00007ff9bae30000 - 0x00007ff9bb183000 	C:\WINDOWS\System32\combase.dll
0x00007ff9b8ba0000 - 0x00007ff9b8bce000 	C:\WINDOWS\SYSTEM32\Wldp.dll
0x00007ff9ba200000 - 0x00007ff9ba2cd000 	C:\WINDOWS\System32\OLEAUT32.dll
0x00007ff9bb190000 - 0x00007ff9bb23d000 	C:\WINDOWS\System32\SHCORE.dll
0x00007ff9ba3b0000 - 0x00007ff9ba405000 	C:\WINDOWS\System32\shlwapi.dll
0x00007ff9b9250000 - 0x00007ff9b9273000 	C:\WINDOWS\SYSTEM32\profapi.dll
0x00007ff98bf40000 - 0x00007ff98bf58000 	C:\Program Files\Java\jdk-17.0.2\bin\zip.dll
0x00007ff9a3520000 - 0x00007ff9a3539000 	C:\Program Files\Java\jdk-17.0.2\bin\net.dll
0x00007ff9a9860000 - 0x00007ff9a996a000 	C:\WINDOWS\SYSTEM32\WINHTTP.dll
0x00007ff9b8980000 - 0x00007ff9b89ea000 	C:\WINDOWS\system32\mswsock.dll
0x00007ff9a3200000 - 0x00007ff9a3216000 	C:\Program Files\Java\jdk-17.0.2\bin\nio.dll

dbghelp: loaded successfully - version: 4.0.5 - missing functions: none
symbol engine: initialized successfully - sym options: 0x614 - pdb path: .;C:\Program Files\Java\jdk-17.0.2\bin;C:\WINDOWS\SYSTEM32;C:\Program Files\Avast Software\Avast;C:\WINDOWS\WinSxS\amd64_microsoft.windows.common-controls_6595b64144ccf1df_6.0.19041.3636_none_60b6a03d71f818d5;C:\Program Files\Java\jdk-17.0.2\bin\server

VM Arguments:
jvm_args: -javaagent:C:\Program Files\JetBrains\IntelliJ IDEA Community Edition 2025.2.4\lib\idea_rt.jar=36817 -Dfile.encoding=UTF-8 
java_command: com.willbank.client_service.ClientServiceApplication
java_class_path (initial): C:\Users\Lucie SP\Desktop\Willbank-Microservices\client-service\target\classes;C:\Users\Lucie SP\.m2\repository\org\springframework\boot\spring-boot-starter-data-jpa\3.5.9\spring-boot-starter-data-jpa-3.5.9.jar;C:\Users\Lucie SP\.m2\repository\org\springframework\boot\spring-boot-starter\3.5.9\spring-boot-starter-3.5.9.jar;C:\Users\Lucie SP\.m2\repository\org\springframework\boot\spring-boot\3.5.9\spring-boot-3.5.9.jar;C:\Users\Lucie SP\.m2\repository\org\springframework\boot\spring-boot-autoconfigure\3.5.9\spring-boot-autoconfigure-3.5.9.jar;C:\Users\Lucie SP\.m2\repository\org\springframework\boot\spring-boot-starter-logging\3.5.9\spring-boot-starter-logging-3.5.9.jar;C:\Users\Lucie SP\.m2\repository\ch\qos\logback\logback-classic\1.5.22\logback-classic-1.5.22.jar;C:\Users\Lucie SP\.m2\repository\ch\qos\logback\logback-core\1.5.22\logback-core-1.5.22.jar;C:\Users\Lucie SP\.m2\repository\org\apache\logging\log4j\log4j-to-slf4j\2.24.3\log4j-to-slf4j-2.24.3.jar;C:\Users\Lucie SP\.m2\repository\org\apache\logging\log4j\log4j-api\2.24.3\log4j-api-2.24.3.jar;C:\Users\Lucie SP\.m2\repository\org\slf4j\jul-to-slf4j\2.0.17\jul-to-slf4j-2.0.17.jar;C:\Users\Lucie SP\.m2\repository\jakarta\annotation\jakarta.annotation-api\2.1.1\jakarta.annotation-api-2.1.1.jar;C:\Users\Lucie SP\.m2\repository\org\yaml\snakeyaml\2.4\snakeyaml-2.4.jar;C:\Users\Lucie SP\.m2\repository\org\springframework\boot\spring-boot-starter-jdbc\3.5.9\spring-boot-starter-jdbc-3.5.9.jar;C:\Users\Lucie SP\.m2\repository\com\zaxxer\HikariCP\6.3.3\HikariCP-6.3.3.jar;C:\Users\Lucie SP\.m2\repository\org\springframework\spring-jdbc\6.2.15\spring-jdbc-6.2.15.jar;C:\Users\Lucie SP\.m2\repository\org\hibernate\orm\hibernate-core\6.6.39.Final\hibernate-core-6.6.39.Final.jar;C:\Users\Lucie SP\.m2\repository\jakarta\persistence\jakarta.persistence-api\3.1.0\jakarta.persistence-api-3.1.0.jar;C:\Users\Lucie SP\.m2\repository\jakarta\transaction\jakarta.transaction-api\2.0.1\jakarta.transacti
Launcher Type: SUN_STANDARD

[Global flags]
     intx CICompilerCount                          = 3                                         {product} {ergonomic}
     uint ConcGCThreads                            = 1                                         {product} {ergonomic}
     uint G1ConcRefinementThreads                  = 4                                         {product} {ergonomic}
   size_t G1HeapRegionSize                         = 2097152                                   {product} {ergonomic}
    uintx GCDrainStackTargetSize                   = 64                                        {product} {ergonomic}
   size_t InitialHeapSize                          = 264241152                                 {product} {ergonomic}
   size_t MarkStackSize                            = 4194304                                   {product} {ergonomic}
   size_t MaxHeapSize                              = 4198498304                                {product} {ergonomic}
   size_t MaxNewSize                               = 2518679552                                {product} {ergonomic}
   size_t MinHeapDeltaBytes                        = 2097152                                   {product} {ergonomic}
   size_t MinHeapSize                              = 8388608                                   {product} {ergonomic}
    uintx NonNMethodCodeHeapSize                   = 5832780                                {pd product} {ergonomic}
    uintx NonProfiledCodeHeapSize                  = 122912730                              {pd product} {ergonomic}
    uintx ProfiledCodeHeapSize                     = 122912730                              {pd product} {ergonomic}
    uintx ReservedCodeCacheSize                    = 251658240                              {pd product} {ergonomic}
     bool SegmentedCodeCache                       = true                                      {product} {ergonomic}
   size_t SoftMaxHeapSize                          = 4198498304                             {manageable} {ergonomic}
     bool UseCompressedClassPointers               = true                           {product lp64_product} {ergonomic}
     bool UseCompressedOops                        = true                           {product lp64_product} {ergonomic}
     bool UseG1GC                                  = true                                      {product} {ergonomic}
     bool UseLargePagesIndividualAllocation        = false                                  {pd product} {ergonomic}

Logging:
Log output configuration:
 #0: stdout all=warning uptime,level,tags
 #1: stderr all=off uptime,level,tags

Environment Variables:
JAVA_HOME=C:\Progra~1\Amazonecorreto\jdk1.8.0_472
PATH=C:\Program Files\Amazon Corretto\jdk1.8.0_472\bin;C:\Users\Lucie SP\anaconda3;C:\Users\Lucie SP\anaconda3\Scripts;E:\java\jdk-17\bin;C:\spark\spark-3.5.7-bin-hadoop3\spark-3.5.7-bin-hadoop3\bin;C:\ffmpeg\ffmpeg-2025-04-23-git-25b0a8e295-essentials_build\bin;C:\Users\Lucie SP\AppData\Local\Programs\Python\Python310;C:\Users\Lucie SP\AppData\Local\Programs\Python\Python310\Scripts;E:\flutter_windows_3.16.7-stable\flutter\bin;C:\Program Files\Python39\Scripts\;C:\Program Files\Python39\;C:\Program Files\Common Files\Oracle\Java\javapath;C:\Program Files (x86)\Python39-32\Scripts\;C:\Program Files (x86)\Python39-32\;C:\Program Files (x86)\Common Files\Oracle\Java\javapath;C:\WINDOWS\system32;C:\WINDOWS;C:\WINDOWS\System32\Wbem;C:\WINDOWS\System32\WindowsPowerShell\v1.0\;C:\WINDOWS\System32\OpenSSH\;C:\Users\Lucie SP\Downloads\jadx-1.4.7\bin;C:\Program Files\Go\bin;C:\Program Files\Git\cmd;C:\Program Files (x86)\Windows Kits\10\Windows Performance Toolkit\;C:\Program Files\nodejs\;C:\ProgramData\chocolatey\bin;C:\Program Files\Microsoft SQL Server\150\Tools\Binn\;C:\Program Files\Microsoft SQL Server\Client SDK\ODBC\170\Tools\Binn\;C:\MinGW\bin;C:\Program Files\dotnet\;C:\Program Files\MongoDB\Server\8.0\bin;C:\Program Files\Tesseract-OCR;C:\Program Files\poppler-24.08.0\Library\bin;C:\spark\spark350\bin;C:\hadoop\current\bin;C:\Progra~1\Amazonecorreto\jdk1.8.0_472\bin;C:\hadoop\current\sbin;C:\sqoop\sqoop\bin;C:\pig\pig17\bin;C:\hive\bin;C:\oozie\oozie5\bin;C:\maven\maven\bin;;C:\Program Files\Docker\Docker\resources\bin;C:\Users\Lucie SP\anaconda3;C:\ffmpeg\ffmpeg-2025-04-23-git-25b0a8e295-essentials_build\bin;C:\Users\Lucie SP\AppData\Local\Programs\Python\Python310;C:\Users\Lucie SP\AppData\Local\Programs\Python\Python310\Scripts;C:\Program Files\Python39;C:\Program Files (x86)\Python39-32\Scripts\;C:\Program Files (x86)\Python39-32\;C:\Program Files\Common Files\Oracle\Java\javapath;C:\Program Files (x86)\Common Files\Oracle\Java\javapath;C:\WINDOWS\system32;C:\WI
USERNAME=Lucie SP
OS=Windows_NT
PROCESSOR_IDENTIFIER=Intel64 Family 6 Model 78 Stepping 3, GenuineIntel



---------------  S Y S T E M  ---------------

OS:
 Windows 10 , 64 bit Build 19041 (10.0.19041.3636)
OS uptime: 3 days 3:20 hours
Hyper-V role detected

CPU: total 4 (initial active 4) (2 cores per cpu, 2 threads per core) family 6 model 78 stepping 3 microcode 0xcc, cx8, cmov, fxsr, ht, mmx, 3dnowpref, sse, sse2, sse3, ssse3, sse4.1, sse4.2, popcnt, lzcnt, tsc, tscinvbit, avx, avx2, aes, erms, clmul, bmi1, bmi2, rtm, adx, fma, vzeroupper, clflush, clflushopt, hv

Memory: 4k page, system-wide physical 16010M (2900M free)
TotalPageFile size 19189M (AvailPageFile size 28M)
current process WorkingSet (physical memory assigned to process): 60M, peak: 61M
current process commit charge ("private bytes"): 340M, peak: 341M

vm_info: Java HotSpot(TM) 64-Bit Server VM (17.0.2+8-LTS-86) for windows-amd64 JRE (17.0.2+8-LTS-86), built on Dec  7 2021 21:51:03 by "mach5one" with MS VC++ 16.8 / 16.9 (VS2019)

END.
